<?xml version="1.0" encoding="UTF-8"?>
<testng-results skipped="0" failed="0" ignored="0" total="1" passed="1">
  <reporter-output>
  </reporter-output>
  <suite name="Default suite" duration-ms="121" started-at="2022-12-23T10:20:00 IST" finished-at="2022-12-23T10:20:00 IST">
    <groups>
    </groups>
    <test name="Default test" duration-ms="121" started-at="2022-12-23T10:20:00 IST" finished-at="2022-12-23T10:20:00 IST">
      <class name="testcases.LoginTest">
        <test-method status="PASS" signature="setUp()[pri:0, instance:testcases.LoginTest@33c7e1bb]" name="setUp" is-config="true" duration-ms="20050" started-at="2022-12-23T10:19:39 IST" finished-at="2022-12-23T10:20:00 IST">
          <reporter-output>
          </reporter-output>
        </test-method> <!-- setUp -->
        <test-method status="PASS" signature="titleTest()[pri:0, instance:testcases.LoginTest@33c7e1bb]" name="titleTest" duration-ms="17" started-at="2022-12-23T10:20:00 IST" finished-at="2022-12-23T10:20:00 IST">
          <reporter-output>
          </reporter-output>
        </test-method> <!-- titleTest -->
        <test-method status="PASS" signature="tearDown()[pri:0, instance:testcases.LoginTest@33c7e1bb]" name="tearDown" is-config="true" duration-ms="893" started-at="2022-12-23T10:20:00 IST" finished-at="2022-12-23T10:20:01 IST">
          <reporter-output>
          </reporter-output>
        </test-method> <!-- tearDown -->
      </class> <!-- testcases.LoginTest -->
    </test> <!-- Default test -->
  </suite> <!-- Default suite -->
</testng-results>
